This file contains any messages produced by compilers while
running configure, to aid debugging if configure makes a mistake.

It was created by configure, which was
generated by GNU Autoconf 2.69.  Invocation command line was

  $ ./configure --build=x86_64-redhat-linux-gnu --host=x86_64-redhat-linux-gnu --program-prefix= --disable-dependency-tracking --prefix=/usr --exec-prefix=/usr --bindir=/usr/bin --sbindir=/usr/sbin --sysconfdir=/etc --datadir=/usr/share --includedir=/usr/include --libdir=/usr/lib64 --libexecdir=/usr/libexec --localstatedir=/var --sharedstatedir=/var/lib --mandir=/usr/share/man --infodir=/usr/share/info --with-apr=/usr --includedir=/usr/include/apr-1 --with-ldap --without-gdbm --with-sqlite3 --with-pgsql --with-mysql --with-freetds --with-odbc --without-berkeley-db --with-crypto --with-openssl --with-nss --without-sqlite2

## --------- ##
## Platform. ##
## --------- ##

hostname = server.abdurrahman.online
uname -m = x86_64
uname -r = 3.10.0-229.20.1.el7.x86_64
uname -s = Linux
uname -v = #1 SMP Tue Nov 3 19:10:07 UTC 2015

/usr/bin/uname -p = x86_64
/bin/uname -X     = unknown

/bin/arch              = x86_64
/usr/bin/arch -k       = unknown
/usr/convex/getsysinfo = unknown
/usr/bin/hostinfo      = unknown
/bin/machine           = unknown
/usr/bin/oslevel       = unknown
/bin/universe          = unknown

PATH: /usr/local/bin
PATH: /usr/bin
PATH: /usr/local/sbin
PATH: /usr/sbin
PATH: /home/mania25/.local/bin
PATH: /home/mania25/bin


## ----------- ##
## Core tests. ##
## ----------- ##

configure:2593: checking build system type
configure:2607: result: x86_64-redhat-linux-gnu
configure:2627: checking host system type
configure:2640: result: x86_64-redhat-linux-gnu
configure:2660: checking target system type
configure:2673: result: x86_64-redhat-linux-gnu
configure:2715: checking for a BSD-compatible install
configure:2783: result: /usr/bin/install -c
configure:2818: checking for working mkdir -p
configure:2834: result: yes
configure:2928: checking for chosen layout
configure:2930: result: apr-util
configure:3062: checking for x86_64-redhat-linux-gnu-gcc
configure:3092: result: no
configure:3102: checking for gcc
configure:3118: found /usr/bin/gcc
configure:3129: result: gcc
configure:3358: checking for C compiler version
configure:3367: gcc --version >&5
gcc (GCC) 4.8.5 20150623 (Red Hat 4.8.5-4)
Copyright (C) 2015 Free Software Foundation, Inc.
This is free software; see the source for copying conditions.  There is NO
warranty; not even for MERCHANTABILITY or FITNESS FOR A PARTICULAR PURPOSE.

configure:3378: $? = 0
configure:3367: gcc -v >&5
Using built-in specs.
COLLECT_GCC=gcc
COLLECT_LTO_WRAPPER=/usr/libexec/gcc/x86_64-redhat-linux/4.8.5/lto-wrapper
Target: x86_64-redhat-linux
Configured with: ../configure --prefix=/usr --mandir=/usr/share/man --infodir=/usr/share/info --with-bugurl=http://bugzilla.redhat.com/bugzilla --enable-bootstrap --enable-shared --enable-threads=posix --enable-checking=release --with-system-zlib --enable-__cxa_atexit --disable-libunwind-exceptions --enable-gnu-unique-object --enable-linker-build-id --with-linker-hash-style=gnu --enable-languages=c,c++,objc,obj-c++,java,fortran,ada,go,lto --enable-plugin --enable-initfini-array --disable-libgcj --with-isl=/builddir/build/BUILD/gcc-4.8.5-20150702/obj-x86_64-redhat-linux/isl-install --with-cloog=/builddir/build/BUILD/gcc-4.8.5-20150702/obj-x86_64-redhat-linux/cloog-install --enable-gnu-indirect-function --with-tune=generic --with-arch_32=x86-64 --build=x86_64-redhat-linux
Thread model: posix
gcc version 4.8.5 20150623 (Red Hat 4.8.5-4) (GCC) 
configure:3378: $? = 0
configure:3367: gcc -V >&5
gcc: error: unrecognized command line option '-V'
gcc: fatal error: no input files
compilation terminated.
configure:3378: $? = 4
configure:3367: gcc -qversion >&5
gcc: error: unrecognized command line option '-qversion'
gcc: fatal error: no input files
compilation terminated.
configure:3378: $? = 4
configure:3398: checking whether the C compiler works
configure:3420: gcc -O2 -g -pipe -Wall -Wp,-D_FORTIFY_SOURCE=2 -fexceptions -fstack-protector-strong --param=ssp-buffer-size=4 -grecord-gcc-switches   -m64 -mtune=generic  -Wl,-z,relro  conftest.c  >&5
configure:3424: $? = 0
configure:3472: result: yes
configure:3475: checking for C compiler default output file name
configure:3477: result: a.out
configure:3483: checking for suffix of executables
configure:3490: gcc -o conftest -O2 -g -pipe -Wall -Wp,-D_FORTIFY_SOURCE=2 -fexceptions -fstack-protector-strong --param=ssp-buffer-size=4 -grecord-gcc-switches   -m64 -mtune=generic  -Wl,-z,relro  conftest.c  >&5
configure:3494: $? = 0
configure:3516: result: 
configure:3538: checking whether we are cross compiling
configure:3546: gcc -o conftest -O2 -g -pipe -Wall -Wp,-D_FORTIFY_SOURCE=2 -fexceptions -fstack-protector-strong --param=ssp-buffer-size=4 -grecord-gcc-switches   -m64 -mtune=generic  -Wl,-z,relro  conftest.c  >&5
configure:3550: $? = 0
configure:3557: ./conftest
configure:3561: $? = 0
configure:3576: result: no
configure:3581: checking for suffix of object files
configure:3603: gcc -c -O2 -g -pipe -Wall -Wp,-D_FORTIFY_SOURCE=2 -fexceptions -fstack-protector-strong --param=ssp-buffer-size=4 -grecord-gcc-switches   -m64 -mtune=generic  conftest.c >&5
configure:3607: $? = 0
configure:3628: result: o
configure:3632: checking whether we are using the GNU C compiler
configure:3651: gcc -c -O2 -g -pipe -Wall -Wp,-D_FORTIFY_SOURCE=2 -fexceptions -fstack-protector-strong --param=ssp-buffer-size=4 -grecord-gcc-switches   -m64 -mtune=generic  conftest.c >&5
configure:3651: $? = 0
configure:3660: result: yes
configure:3669: checking whether gcc accepts -g
configure:3689: gcc -c -g  conftest.c >&5
configure:3689: $? = 0
configure:3730: result: yes
configure:3747: checking for gcc option to accept ISO C89
configure:3810: gcc  -c -O2 -g -pipe -Wall -Wp,-D_FORTIFY_SOURCE=2 -fexceptions -fstack-protector-strong --param=ssp-buffer-size=4 -grecord-gcc-switches   -m64 -mtune=generic  conftest.c >&5
configure:3810: $? = 0
configure:3823: result: none needed
configure:4000: checking for APR
configure:4079: result: yes
configure:4346: checking how to run the C preprocessor
configure:4416: result: gcc -E
configure:4436: gcc -E  -DLINUX -D_REENTRANT -D_GNU_SOURCE conftest.c
configure:4436: $? = 0
configure:4450: gcc -E  -DLINUX -D_REENTRANT -D_GNU_SOURCE conftest.c
conftest.c:9:28: fatal error: ac_nonexistent.h: No such file or directory
 #include <ac_nonexistent.h>
                            ^
compilation terminated.
configure:4450: $? = 1
configure: failed program was:
| /* confdefs.h */
| #define PACKAGE_NAME ""
| #define PACKAGE_TARNAME ""
| #define PACKAGE_VERSION ""
| #define PACKAGE_STRING ""
| #define PACKAGE_BUGREPORT ""
| #define PACKAGE_URL ""
| /* end confdefs.h.  */
| #include <ac_nonexistent.h>
configure:4479: checking for grep that handles long lines and -e
configure:4537: result: /usr/bin/grep
configure:4542: checking for egrep
configure:4604: result: /usr/bin/grep -E
configure:4609: checking for ANSI C header files
configure:4629: gcc -c -O2 -g -pipe -Wall -Wp,-D_FORTIFY_SOURCE=2 -fexceptions -fstack-protector-strong --param=ssp-buffer-size=4 -grecord-gcc-switches   -m64 -mtune=generic -pthread  -DLINUX -D_REENTRANT -D_GNU_SOURCE conftest.c >&5
configure:4629: $? = 0
configure:4702: gcc -o conftest -O2 -g -pipe -Wall -Wp,-D_FORTIFY_SOURCE=2 -fexceptions -fstack-protector-strong --param=ssp-buffer-size=4 -grecord-gcc-switches   -m64 -mtune=generic -pthread  -DLINUX -D_REENTRANT -D_GNU_SOURCE -Wl,-z,relro  conftest.c  >&5
configure:4702: $? = 0
configure:4702: ./conftest
configure:4702: $? = 0
configure:4713: result: yes
configure:4726: checking for sys/types.h
configure:4726: gcc -c -O2 -g -pipe -Wall -Wp,-D_FORTIFY_SOURCE=2 -fexceptions -fstack-protector-strong --param=ssp-buffer-size=4 -grecord-gcc-switches   -m64 -mtune=generic -pthread  -DLINUX -D_REENTRANT -D_GNU_SOURCE conftest.c >&5
configure:4726: $? = 0
configure:4726: result: yes
configure:4726: checking for sys/stat.h
configure:4726: gcc -c -O2 -g -pipe -Wall -Wp,-D_FORTIFY_SOURCE=2 -fexceptions -fstack-protector-strong --param=ssp-buffer-size=4 -grecord-gcc-switches   -m64 -mtune=generic -pthread  -DLINUX -D_REENTRANT -D_GNU_SOURCE conftest.c >&5
configure:4726: $? = 0
configure:4726: result: yes
configure:4726: checking for stdlib.h
configure:4726: gcc -c -O2 -g -pipe -Wall -Wp,-D_FORTIFY_SOURCE=2 -fexceptions -fstack-protector-strong --param=ssp-buffer-size=4 -grecord-gcc-switches   -m64 -mtune=generic -pthread  -DLINUX -D_REENTRANT -D_GNU_SOURCE conftest.c >&5
configure:4726: $? = 0
configure:4726: result: yes
configure:4726: checking for string.h
configure:4726: gcc -c -O2 -g -pipe -Wall -Wp,-D_FORTIFY_SOURCE=2 -fexceptions -fstack-protector-strong --param=ssp-buffer-size=4 -grecord-gcc-switches   -m64 -mtune=generic -pthread  -DLINUX -D_REENTRANT -D_GNU_SOURCE conftest.c >&5
configure:4726: $? = 0
configure:4726: result: yes
configure:4726: checking for memory.h
configure:4726: gcc -c -O2 -g -pipe -Wall -Wp,-D_FORTIFY_SOURCE=2 -fexceptions -fstack-protector-strong --param=ssp-buffer-size=4 -grecord-gcc-switches   -m64 -mtune=generic -pthread  -DLINUX -D_REENTRANT -D_GNU_SOURCE conftest.c >&5
configure:4726: $? = 0
configure:4726: result: yes
configure:4726: checking for strings.h
configure:4726: gcc -c -O2 -g -pipe -Wall -Wp,-D_FORTIFY_SOURCE=2 -fexceptions -fstack-protector-strong --param=ssp-buffer-size=4 -grecord-gcc-switches   -m64 -mtune=generic -pthread  -DLINUX -D_REENTRANT -D_GNU_SOURCE conftest.c >&5
configure:4726: $? = 0
configure:4726: result: yes
configure:4726: checking for inttypes.h
configure:4726: gcc -c -O2 -g -pipe -Wall -Wp,-D_FORTIFY_SOURCE=2 -fexceptions -fstack-protector-strong --param=ssp-buffer-size=4 -grecord-gcc-switches   -m64 -mtune=generic -pthread  -DLINUX -D_REENTRANT -D_GNU_SOURCE conftest.c >&5
configure:4726: $? = 0
configure:4726: result: yes
configure:4726: checking for stdint.h
configure:4726: gcc -c -O2 -g -pipe -Wall -Wp,-D_FORTIFY_SOURCE=2 -fexceptions -fstack-protector-strong --param=ssp-buffer-size=4 -grecord-gcc-switches   -m64 -mtune=generic -pthread  -DLINUX -D_REENTRANT -D_GNU_SOURCE conftest.c >&5
configure:4726: $? = 0
configure:4726: result: yes
configure:4726: checking for unistd.h
configure:4726: gcc -c -O2 -g -pipe -Wall -Wp,-D_FORTIFY_SOURCE=2 -fexceptions -fstack-protector-strong --param=ssp-buffer-size=4 -grecord-gcc-switches   -m64 -mtune=generic -pthread  -DLINUX -D_REENTRANT -D_GNU_SOURCE conftest.c >&5
configure:4726: $? = 0
configure:4726: result: yes
configure:4794: checking openssl/x509.h usability
configure:4794: gcc -c -O2 -g -pipe -Wall -Wp,-D_FORTIFY_SOURCE=2 -fexceptions -fstack-protector-strong --param=ssp-buffer-size=4 -grecord-gcc-switches   -m64 -mtune=generic -pthread  -DLINUX -D_REENTRANT -D_GNU_SOURCE conftest.c >&5
configure:4794: $? = 0
configure:4794: result: yes
configure:4794: checking openssl/x509.h presence
configure:4794: gcc -E  -DLINUX -D_REENTRANT -D_GNU_SOURCE conftest.c
configure:4794: $? = 0
configure:4794: result: yes
configure:4794: checking for openssl/x509.h
configure:4794: result: yes
configure:4804: checking for BN_init in -lcrypto
configure:4829: gcc -o conftest -O2 -g -pipe -Wall -Wp,-D_FORTIFY_SOURCE=2 -fexceptions -fstack-protector-strong --param=ssp-buffer-size=4 -grecord-gcc-switches   -m64 -mtune=generic -pthread  -DLINUX -D_REENTRANT -D_GNU_SOURCE -Wl,-z,relro  conftest.c -lcrypto   >&5
configure:4829: $? = 0
configure:4838: result: yes
configure:4841: checking for SSL_accept in -lssl
configure:4866: gcc -o conftest -O2 -g -pipe -Wall -Wp,-D_FORTIFY_SOURCE=2 -fexceptions -fstack-protector-strong --param=ssp-buffer-size=4 -grecord-gcc-switches   -m64 -mtune=generic -pthread  -DLINUX -D_REENTRANT -D_GNU_SOURCE -Wl,-z,relro  conftest.c -lssl -lcrypto  >&5
configure:4866: $? = 0
configure:4875: result: yes
configure:5262: checking for const input buffers in OpenSSL
configure:5285: gcc -c -O2 -g -pipe -Wall -Wp,-D_FORTIFY_SOURCE=2 -fexceptions -fstack-protector-strong --param=ssp-buffer-size=4 -grecord-gcc-switches   -m64 -mtune=generic -pthread  -DLINUX -D_REENTRANT -D_GNU_SOURCE conftest.c >&5
conftest.c: In function 'main':
conftest.c:28:36: warning: 'buf' is used uninitialized in this function [-Wuninitialized]
                 RSA_private_decrypt(1,
                                    ^
conftest.c:28:36: warning: 'outbuf' is used uninitialized in this function [-Wuninitialized]
configure:5285: $? = 0
configure:5286: result: yes
configure:5320: checking for x86_64-redhat-linux-gnu-pkg-config
configure:5353: result: no
configure:5363: checking for pkg-config
configure:5381: found /usr/bin/pkg-config
configure:5393: result: /usr/bin/pkg-config
configure:5466: checking prerror.h usability
configure:5466: gcc -c -O2 -g -pipe -Wall -Wp,-D_FORTIFY_SOURCE=2 -fexceptions -fstack-protector-strong --param=ssp-buffer-size=4 -grecord-gcc-switches   -m64 -mtune=generic -pthread  -DLINUX -D_REENTRANT -D_GNU_SOURCE -I/usr/include/nss3 -I/usr/include/nspr4 conftest.c >&5
configure:5466: $? = 0
configure:5466: result: yes
configure:5466: checking prerror.h presence
configure:5466: gcc -E  -DLINUX -D_REENTRANT -D_GNU_SOURCE -I/usr/include/nss3 -I/usr/include/nspr4 conftest.c
configure:5466: $? = 0
configure:5466: result: yes
configure:5466: checking for prerror.h
configure:5466: result: yes
configure:5479: checking nss/nss.h usability
configure:5479: gcc -c -O2 -g -pipe -Wall -Wp,-D_FORTIFY_SOURCE=2 -fexceptions -fstack-protector-strong --param=ssp-buffer-size=4 -grecord-gcc-switches   -m64 -mtune=generic -pthread  -DLINUX -D_REENTRANT -D_GNU_SOURCE -I/usr/include/nss3 -I/usr/include/nspr4 conftest.c >&5
conftest.c:55:21: fatal error: nss/nss.h: No such file or directory
 #include <nss/nss.h>
                     ^
compilation terminated.
configure:5479: $? = 1
configure: failed program was:
| /* confdefs.h */
| #define PACKAGE_NAME ""
| #define PACKAGE_TARNAME ""
| #define PACKAGE_VERSION ""
| #define PACKAGE_STRING ""
| #define PACKAGE_BUGREPORT ""
| #define PACKAGE_URL ""
| #define STDC_HEADERS 1
| #define HAVE_SYS_TYPES_H 1
| #define HAVE_SYS_STAT_H 1
| #define HAVE_STDLIB_H 1
| #define HAVE_STRING_H 1
| #define HAVE_MEMORY_H 1
| #define HAVE_STRINGS_H 1
| #define HAVE_INTTYPES_H 1
| #define HAVE_STDINT_H 1
| #define HAVE_UNISTD_H 1
| #define HAVE_OPENSSL_X509_H 1
| #define CRYPTO_OPENSSL_CONST_BUFFERS 1
| #define HAVE_PRERROR_H 1
| /* end confdefs.h.  */
| #include <stdio.h>
| #ifdef HAVE_SYS_TYPES_H
| # include <sys/types.h>
| #endif
| #ifdef HAVE_SYS_STAT_H
| # include <sys/stat.h>
| #endif
| #ifdef STDC_HEADERS
| # include <stdlib.h>
| # include <stddef.h>
| #else
| # ifdef HAVE_STDLIB_H
| #  include <stdlib.h>
| # endif
| #endif
| #ifdef HAVE_STRING_H
| # if !defined STDC_HEADERS && defined HAVE_MEMORY_H
| #  include <memory.h>
| # endif
| # include <string.h>
| #endif
| #ifdef HAVE_STRINGS_H
| # include <strings.h>
| #endif
| #ifdef HAVE_INTTYPES_H
| # include <inttypes.h>
| #endif
| #ifdef HAVE_STDINT_H
| # include <stdint.h>
| #endif
| #ifdef HAVE_UNISTD_H
| # include <unistd.h>
| #endif
| #include <nss/nss.h>
configure:5479: result: no
configure:5479: checking nss/nss.h presence
configure:5479: gcc -E  -DLINUX -D_REENTRANT -D_GNU_SOURCE -I/usr/include/nss3 -I/usr/include/nspr4 conftest.c
conftest.c:22:21: fatal error: nss/nss.h: No such file or directory
 #include <nss/nss.h>
                     ^
compilation terminated.
configure:5479: $? = 1
configure: failed program was:
| /* confdefs.h */
| #define PACKAGE_NAME ""
| #define PACKAGE_TARNAME ""
| #define PACKAGE_VERSION ""
| #define PACKAGE_STRING ""
| #define PACKAGE_BUGREPORT ""
| #define PACKAGE_URL ""
| #define STDC_HEADERS 1
| #define HAVE_SYS_TYPES_H 1
| #define HAVE_SYS_STAT_H 1
| #define HAVE_STDLIB_H 1
| #define HAVE_STRING_H 1
| #define HAVE_MEMORY_H 1
| #define HAVE_STRINGS_H 1
| #define HAVE_INTTYPES_H 1
| #define HAVE_STDINT_H 1
| #define HAVE_UNISTD_H 1
| #define HAVE_OPENSSL_X509_H 1
| #define CRYPTO_OPENSSL_CONST_BUFFERS 1
| #define HAVE_PRERROR_H 1
| /* end confdefs.h.  */
| #include <nss/nss.h>
configure:5479: result: no
configure:5479: checking for nss/nss.h
configure:5479: result: no
configure:5479: checking nss.h usability
configure:5479: gcc -c -O2 -g -pipe -Wall -Wp,-D_FORTIFY_SOURCE=2 -fexceptions -fstack-protector-strong --param=ssp-buffer-size=4 -grecord-gcc-switches   -m64 -mtune=generic -pthread  -DLINUX -D_REENTRANT -D_GNU_SOURCE -I/usr/include/nss3 -I/usr/include/nspr4 conftest.c >&5
configure:5479: $? = 0
configure:5479: result: yes
configure:5479: checking nss.h presence
configure:5479: gcc -E  -DLINUX -D_REENTRANT -D_GNU_SOURCE -I/usr/include/nss3 -I/usr/include/nspr4 conftest.c
configure:5479: $? = 0
configure:5479: result: yes
configure:5479: checking for nss.h
configure:5479: result: yes
configure:5492: checking nss/pk11pub.h usability
configure:5492: gcc -c -O2 -g -pipe -Wall -Wp,-D_FORTIFY_SOURCE=2 -fexceptions -fstack-protector-strong --param=ssp-buffer-size=4 -grecord-gcc-switches   -m64 -mtune=generic -pthread  -DLINUX -D_REENTRANT -D_GNU_SOURCE -I/usr/include/nss3 -I/usr/include/nspr4 conftest.c >&5
conftest.c:56:25: fatal error: nss/pk11pub.h: No such file or directory
 #include <nss/pk11pub.h>
                         ^
compilation terminated.
configure:5492: $? = 1
configure: failed program was:
| /* confdefs.h */
| #define PACKAGE_NAME ""
| #define PACKAGE_TARNAME ""
| #define PACKAGE_VERSION ""
| #define PACKAGE_STRING ""
| #define PACKAGE_BUGREPORT ""
| #define PACKAGE_URL ""
| #define STDC_HEADERS 1
| #define HAVE_SYS_TYPES_H 1
| #define HAVE_SYS_STAT_H 1
| #define HAVE_STDLIB_H 1
| #define HAVE_STRING_H 1
| #define HAVE_MEMORY_H 1
| #define HAVE_STRINGS_H 1
| #define HAVE_INTTYPES_H 1
| #define HAVE_STDINT_H 1
| #define HAVE_UNISTD_H 1
| #define HAVE_OPENSSL_X509_H 1
| #define CRYPTO_OPENSSL_CONST_BUFFERS 1
| #define HAVE_PRERROR_H 1
| #define HAVE_NSS_H 1
| /* end confdefs.h.  */
| #include <stdio.h>
| #ifdef HAVE_SYS_TYPES_H
| # include <sys/types.h>
| #endif
| #ifdef HAVE_SYS_STAT_H
| # include <sys/stat.h>
| #endif
| #ifdef STDC_HEADERS
| # include <stdlib.h>
| # include <stddef.h>
| #else
| # ifdef HAVE_STDLIB_H
| #  include <stdlib.h>
| # endif
| #endif
| #ifdef HAVE_STRING_H
| # if !defined STDC_HEADERS && defined HAVE_MEMORY_H
| #  include <memory.h>
| # endif
| # include <string.h>
| #endif
| #ifdef HAVE_STRINGS_H
| # include <strings.h>
| #endif
| #ifdef HAVE_INTTYPES_H
| # include <inttypes.h>
| #endif
| #ifdef HAVE_STDINT_H
| # include <stdint.h>
| #endif
| #ifdef HAVE_UNISTD_H
| # include <unistd.h>
| #endif
| #include <nss/pk11pub.h>
configure:5492: result: no
configure:5492: checking nss/pk11pub.h presence
configure:5492: gcc -E  -DLINUX -D_REENTRANT -D_GNU_SOURCE -I/usr/include/nss3 -I/usr/include/nspr4 conftest.c
conftest.c:23:25: fatal error: nss/pk11pub.h: No such file or directory
 #include <nss/pk11pub.h>
                         ^
compilation terminated.
configure:5492: $? = 1
configure: failed program was:
| /* confdefs.h */
| #define PACKAGE_NAME ""
| #define PACKAGE_TARNAME ""
| #define PACKAGE_VERSION ""
| #define PACKAGE_STRING ""
| #define PACKAGE_BUGREPORT ""
| #define PACKAGE_URL ""
| #define STDC_HEADERS 1
| #define HAVE_SYS_TYPES_H 1
| #define HAVE_SYS_STAT_H 1
| #define HAVE_STDLIB_H 1
| #define HAVE_STRING_H 1
| #define HAVE_MEMORY_H 1
| #define HAVE_STRINGS_H 1
| #define HAVE_INTTYPES_H 1
| #define HAVE_STDINT_H 1
| #define HAVE_UNISTD_H 1
| #define HAVE_OPENSSL_X509_H 1
| #define CRYPTO_OPENSSL_CONST_BUFFERS 1
| #define HAVE_PRERROR_H 1
| #define HAVE_NSS_H 1
| /* end confdefs.h.  */
| #include <nss/pk11pub.h>
configure:5492: result: no
configure:5492: checking for nss/pk11pub.h
configure:5492: result: no
configure:5492: checking pk11pub.h usability
configure:5492: gcc -c -O2 -g -pipe -Wall -Wp,-D_FORTIFY_SOURCE=2 -fexceptions -fstack-protector-strong --param=ssp-buffer-size=4 -grecord-gcc-switches   -m64 -mtune=generic -pthread  -DLINUX -D_REENTRANT -D_GNU_SOURCE -I/usr/include/nss3 -I/usr/include/nspr4 conftest.c >&5
configure:5492: $? = 0
configure:5492: result: yes
configure:5492: checking pk11pub.h presence
configure:5492: gcc -E  -DLINUX -D_REENTRANT -D_GNU_SOURCE -I/usr/include/nss3 -I/usr/include/nspr4 conftest.c
configure:5492: $? = 0
configure:5492: result: yes
configure:5492: checking for pk11pub.h
configure:5492: result: yes
configure:5503: checking for PR_Initialize in -lnspr4
configure:5528: gcc -o conftest -O2 -g -pipe -Wall -Wp,-D_FORTIFY_SOURCE=2 -fexceptions -fstack-protector-strong --param=ssp-buffer-size=4 -grecord-gcc-switches   -m64 -mtune=generic -pthread  -DLINUX -D_REENTRANT -D_GNU_SOURCE -I/usr/include/nss3 -I/usr/include/nspr4 -Wl,-z,relro  -lssl3 -lsmime3 -lnss3 -lnssutil3 -lplds4 -lplc4 -lnspr4 -lpthread -ldl conftest.c -lnspr4   >&5
configure:5528: $? = 0
configure:5537: result: yes
configure:5540: checking for PK11_CreatePBEV2AlgorithmID in -lnss3
configure:5565: gcc -o conftest -O2 -g -pipe -Wall -Wp,-D_FORTIFY_SOURCE=2 -fexceptions -fstack-protector-strong --param=ssp-buffer-size=4 -grecord-gcc-switches   -m64 -mtune=generic -pthread  -DLINUX -D_REENTRANT -D_GNU_SOURCE -I/usr/include/nss3 -I/usr/include/nspr4 -Wl,-z,relro  -lssl3 -lsmime3 -lnss3 -lnssutil3 -lplds4 -lplc4 -lnspr4 -lpthread -ldl conftest.c -lnss3 -lnspr4  >&5
configure:5565: $? = 0
configure:5574: result: yes
configure:5964: checking for ldap_init in -lldap50
configure:5989: gcc -o conftest -O2 -g -pipe -Wall -Wp,-D_FORTIFY_SOURCE=2 -fexceptions -fstack-protector-strong --param=ssp-buffer-size=4 -grecord-gcc-switches   -m64 -mtune=generic -pthread  -DLINUX -D_REENTRANT -D_GNU_SOURCE -Wl,-z,relro  conftest.c -lldap50 -lnspr4 -lplc4 -lplds4 -liutil50 -llber50 -lldif50 -lnss3 -lprldap50 -lssl3 -lssldap50  >&5
/usr/bin/ld: cannot find -lldap50
/usr/bin/ld: cannot find -liutil50
/usr/bin/ld: cannot find -llber50
/usr/bin/ld: cannot find -lldif50
/usr/bin/ld: cannot find -lprldap50
/usr/bin/ld: cannot find -lssldap50
collect2: error: ld returned 1 exit status
configure:5989: $? = 1
configure: failed program was:
| /* confdefs.h */
| #define PACKAGE_NAME ""
| #define PACKAGE_TARNAME ""
| #define PACKAGE_VERSION ""
| #define PACKAGE_STRING ""
| #define PACKAGE_BUGREPORT ""
| #define PACKAGE_URL ""
| #define STDC_HEADERS 1
| #define HAVE_SYS_TYPES_H 1
| #define HAVE_SYS_STAT_H 1
| #define HAVE_STDLIB_H 1
| #define HAVE_STRING_H 1
| #define HAVE_MEMORY_H 1
| #define HAVE_STRINGS_H 1
| #define HAVE_INTTYPES_H 1
| #define HAVE_STDINT_H 1
| #define HAVE_UNISTD_H 1
| #define HAVE_OPENSSL_X509_H 1
| #define CRYPTO_OPENSSL_CONST_BUFFERS 1
| #define HAVE_PRERROR_H 1
| #define HAVE_NSS_H 1
| #define HAVE_PK11PUB_H 1
| /* end confdefs.h.  */
| 
| /* Override any GCC internal prototype to avoid an error.
|    Use char because int might match the return type of a GCC
|    builtin and then its argument prototype would still apply.  */
| #ifdef __cplusplus
| extern "C"
| #endif
| char ldap_init ();
| int
| main ()
| {
| return ldap_init ();
|   ;
|   return 0;
| }
configure:5999: result: no
configure:6315: checking for ldap_init in -lldapssl41
configure:6340: gcc -o conftest -O2 -g -pipe -Wall -Wp,-D_FORTIFY_SOURCE=2 -fexceptions -fstack-protector-strong --param=ssp-buffer-size=4 -grecord-gcc-switches   -m64 -mtune=generic -pthread  -DLINUX -D_REENTRANT -D_GNU_SOURCE -Wl,-z,relro  conftest.c -lldapssl41 -lnspr3 -lplc3 -lplds3  >&5
/usr/bin/ld: cannot find -lldapssl41
/usr/bin/ld: cannot find -lnspr3
/usr/bin/ld: cannot find -lplc3
/usr/bin/ld: cannot find -lplds3
collect2: error: ld returned 1 exit status
configure:6340: $? = 1
configure: failed program was:
| /* confdefs.h */
| #define PACKAGE_NAME ""
| #define PACKAGE_TARNAME ""
| #define PACKAGE_VERSION ""
| #define PACKAGE_STRING ""
| #define PACKAGE_BUGREPORT ""
| #define PACKAGE_URL ""
| #define STDC_HEADERS 1
| #define HAVE_SYS_TYPES_H 1
| #define HAVE_SYS_STAT_H 1
| #define HAVE_STDLIB_H 1
| #define HAVE_STRING_H 1
| #define HAVE_MEMORY_H 1
| #define HAVE_STRINGS_H 1
| #define HAVE_INTTYPES_H 1
| #define HAVE_STDINT_H 1
| #define HAVE_UNISTD_H 1
| #define HAVE_OPENSSL_X509_H 1
| #define CRYPTO_OPENSSL_CONST_BUFFERS 1
| #define HAVE_PRERROR_H 1
| #define HAVE_NSS_H 1
| #define HAVE_PK11PUB_H 1
| /* end confdefs.h.  */
| 
| /* Override any GCC internal prototype to avoid an error.
|    Use char because int might match the return type of a GCC
|    builtin and then its argument prototype would still apply.  */
| #ifdef __cplusplus
| extern "C"
| #endif
| char ldap_init ();
| int
| main ()
| {
| return ldap_init ();
|   ;
|   return 0;
| }
configure:6350: result: no
configure:6666: checking for ldap_init in -lldapssl40
configure:6691: gcc -o conftest -O2 -g -pipe -Wall -Wp,-D_FORTIFY_SOURCE=2 -fexceptions -fstack-protector-strong --param=ssp-buffer-size=4 -grecord-gcc-switches   -m64 -mtune=generic -pthread  -DLINUX -D_REENTRANT -D_GNU_SOURCE -Wl,-z,relro  conftest.c -lldapssl40   >&5
/usr/bin/ld: cannot find -lldapssl40
collect2: error: ld returned 1 exit status
configure:6691: $? = 1
configure: failed program was:
| /* confdefs.h */
| #define PACKAGE_NAME ""
| #define PACKAGE_TARNAME ""
| #define PACKAGE_VERSION ""
| #define PACKAGE_STRING ""
| #define PACKAGE_BUGREPORT ""
| #define PACKAGE_URL ""
| #define STDC_HEADERS 1
| #define HAVE_SYS_TYPES_H 1
| #define HAVE_SYS_STAT_H 1
| #define HAVE_STDLIB_H 1
| #define HAVE_STRING_H 1
| #define HAVE_MEMORY_H 1
| #define HAVE_STRINGS_H 1
| #define HAVE_INTTYPES_H 1
| #define HAVE_STDINT_H 1
| #define HAVE_UNISTD_H 1
| #define HAVE_OPENSSL_X509_H 1
| #define CRYPTO_OPENSSL_CONST_BUFFERS 1
| #define HAVE_PRERROR_H 1
| #define HAVE_NSS_H 1
| #define HAVE_PK11PUB_H 1
| /* end confdefs.h.  */
| 
| /* Override any GCC internal prototype to avoid an error.
|    Use char because int might match the return type of a GCC
|    builtin and then its argument prototype would still apply.  */
| #ifdef __cplusplus
| extern "C"
| #endif
| char ldap_init ();
| int
| main ()
| {
| return ldap_init ();
|   ;
|   return 0;
| }
configure:6701: result: no
configure:7017: checking for ldap_init in -lldapssl30
configure:7042: gcc -o conftest -O2 -g -pipe -Wall -Wp,-D_FORTIFY_SOURCE=2 -fexceptions -fstack-protector-strong --param=ssp-buffer-size=4 -grecord-gcc-switches   -m64 -mtune=generic -pthread  -DLINUX -D_REENTRANT -D_GNU_SOURCE -Wl,-z,relro  conftest.c -lldapssl30   >&5
/usr/bin/ld: cannot find -lldapssl30
collect2: error: ld returned 1 exit status
configure:7042: $? = 1
configure: failed program was:
| /* confdefs.h */
| #define PACKAGE_NAME ""
| #define PACKAGE_TARNAME ""
| #define PACKAGE_VERSION ""
| #define PACKAGE_STRING ""
| #define PACKAGE_BUGREPORT ""
| #define PACKAGE_URL ""
| #define STDC_HEADERS 1
| #define HAVE_SYS_TYPES_H 1
| #define HAVE_SYS_STAT_H 1
| #define HAVE_STDLIB_H 1
| #define HAVE_STRING_H 1
| #define HAVE_MEMORY_H 1
| #define HAVE_STRINGS_H 1
| #define HAVE_INTTYPES_H 1
| #define HAVE_STDINT_H 1
| #define HAVE_UNISTD_H 1
| #define HAVE_OPENSSL_X509_H 1
| #define CRYPTO_OPENSSL_CONST_BUFFERS 1
| #define HAVE_PRERROR_H 1
| #define HAVE_NSS_H 1
| #define HAVE_PK11PUB_H 1
| /* end confdefs.h.  */
| 
| /* Override any GCC internal prototype to avoid an error.
|    Use char because int might match the return type of a GCC
|    builtin and then its argument prototype would still apply.  */
| #ifdef __cplusplus
| extern "C"
| #endif
| char ldap_init ();
| int
| main ()
| {
| return ldap_init ();
|   ;
|   return 0;
| }
configure:7052: result: no
configure:7368: checking for ldap_init in -lldapssl20
configure:7393: gcc -o conftest -O2 -g -pipe -Wall -Wp,-D_FORTIFY_SOURCE=2 -fexceptions -fstack-protector-strong --param=ssp-buffer-size=4 -grecord-gcc-switches   -m64 -mtune=generic -pthread  -DLINUX -D_REENTRANT -D_GNU_SOURCE -Wl,-z,relro  conftest.c -lldapssl20   >&5
/usr/bin/ld: cannot find -lldapssl20
collect2: error: ld returned 1 exit status
configure:7393: $? = 1
configure: failed program was:
| /* confdefs.h */
| #define PACKAGE_NAME ""
| #define PACKAGE_TARNAME ""
| #define PACKAGE_VERSION ""
| #define PACKAGE_STRING ""
| #define PACKAGE_BUGREPORT ""
| #define PACKAGE_URL ""
| #define STDC_HEADERS 1
| #define HAVE_SYS_TYPES_H 1
| #define HAVE_SYS_STAT_H 1
| #define HAVE_STDLIB_H 1
| #define HAVE_STRING_H 1
| #define HAVE_MEMORY_H 1
| #define HAVE_STRINGS_H 1
| #define HAVE_INTTYPES_H 1
| #define HAVE_STDINT_H 1
| #define HAVE_UNISTD_H 1
| #define HAVE_OPENSSL_X509_H 1
| #define CRYPTO_OPENSSL_CONST_BUFFERS 1
| #define HAVE_PRERROR_H 1
| #define HAVE_NSS_H 1
| #define HAVE_PK11PUB_H 1
| /* end confdefs.h.  */
| 
| /* Override any GCC internal prototype to avoid an error.
|    Use char because int might match the return type of a GCC
|    builtin and then its argument prototype would still apply.  */
| #ifdef __cplusplus
| extern "C"
| #endif
| char ldap_init ();
| int
| main ()
| {
| return ldap_init ();
|   ;
|   return 0;
| }
configure:7403: result: no
configure:7719: checking for ldap_init in -lldapsdk
configure:7744: gcc -o conftest -O2 -g -pipe -Wall -Wp,-D_FORTIFY_SOURCE=2 -fexceptions -fstack-protector-strong --param=ssp-buffer-size=4 -grecord-gcc-switches   -m64 -mtune=generic -pthread  -DLINUX -D_REENTRANT -D_GNU_SOURCE -Wl,-z,relro  conftest.c -lldapsdk -lldapx -lldapssl -lldapgss -lgssapi_krb5  >&5
/usr/bin/ld: cannot find -lldapsdk
/usr/bin/ld: cannot find -lldapx
/usr/bin/ld: cannot find -lldapssl
/usr/bin/ld: cannot find -lldapgss
collect2: error: ld returned 1 exit status
configure:7744: $? = 1
configure: failed program was:
| /* confdefs.h */
| #define PACKAGE_NAME ""
| #define PACKAGE_TARNAME ""
| #define PACKAGE_VERSION ""
| #define PACKAGE_STRING ""
| #define PACKAGE_BUGREPORT ""
| #define PACKAGE_URL ""
| #define STDC_HEADERS 1
| #define HAVE_SYS_TYPES_H 1
| #define HAVE_SYS_STAT_H 1
| #define HAVE_STDLIB_H 1
| #define HAVE_STRING_H 1
| #define HAVE_MEMORY_H 1
| #define HAVE_STRINGS_H 1
| #define HAVE_INTTYPES_H 1
| #define HAVE_STDINT_H 1
| #define HAVE_UNISTD_H 1
| #define HAVE_OPENSSL_X509_H 1
| #define CRYPTO_OPENSSL_CONST_BUFFERS 1
| #define HAVE_PRERROR_H 1
| #define HAVE_NSS_H 1
| #define HAVE_PK11PUB_H 1
| /* end confdefs.h.  */
| 
| /* Override any GCC internal prototype to avoid an error.
|    Use char because int might match the return type of a GCC
|    builtin and then its argument prototype would still apply.  */
| #ifdef __cplusplus
| extern "C"
| #endif
| char ldap_init ();
| int
| main ()
| {
| return ldap_init ();
|   ;
|   return 0;
| }
configure:7754: result: no
configure:8070: checking for ldap_init in -lldapsdk
configure:8095: gcc -o conftest -O2 -g -pipe -Wall -Wp,-D_FORTIFY_SOURCE=2 -fexceptions -fstack-protector-strong --param=ssp-buffer-size=4 -grecord-gcc-switches   -m64 -mtune=generic -pthread  -DLINUX -D_REENTRANT -D_GNU_SOURCE -Wl,-z,relro  conftest.c -lldapsdk -lldapx -lldapssl -lldapgss -lgss -lresolv -lsocket  >&5
/usr/bin/ld: cannot find -lldapsdk
/usr/bin/ld: cannot find -lldapx
/usr/bin/ld: cannot find -lldapssl
/usr/bin/ld: cannot find -lldapgss
/usr/bin/ld: cannot find -lgss
/usr/bin/ld: cannot find -lsocket
collect2: error: ld returned 1 exit status
configure:8095: $? = 1
configure: failed program was:
| /* confdefs.h */
| #define PACKAGE_NAME ""
| #define PACKAGE_TARNAME ""
| #define PACKAGE_VERSION ""
| #define PACKAGE_STRING ""
| #define PACKAGE_BUGREPORT ""
| #define PACKAGE_URL ""
| #define STDC_HEADERS 1
| #define HAVE_SYS_TYPES_H 1
| #define HAVE_SYS_STAT_H 1
| #define HAVE_STDLIB_H 1
| #define HAVE_STRING_H 1
| #define HAVE_MEMORY_H 1
| #define HAVE_STRINGS_H 1
| #define HAVE_INTTYPES_H 1
| #define HAVE_STDINT_H 1
| #define HAVE_UNISTD_H 1
| #define HAVE_OPENSSL_X509_H 1
| #define CRYPTO_OPENSSL_CONST_BUFFERS 1
| #define HAVE_PRERROR_H 1
| #define HAVE_NSS_H 1
| #define HAVE_PK11PUB_H 1
| /* end confdefs.h.  */
| 
| /* Override any GCC internal prototype to avoid an error.
|    Use char because int might match the return type of a GCC
|    builtin and then its argument prototype would still apply.  */
| #ifdef __cplusplus
| extern "C"
| #endif
| char ldap_init ();
| int
| main ()
| {
| return ldap_init ();
|   ;
|   return 0;
| }
configure:8105: result: no
configure:8421: checking for ldap_init in -lldap
configure:8446: gcc -o conftest -O2 -g -pipe -Wall -Wp,-D_FORTIFY_SOURCE=2 -fexceptions -fstack-protector-strong --param=ssp-buffer-size=4 -grecord-gcc-switches   -m64 -mtune=generic -pthread  -DLINUX -D_REENTRANT -D_GNU_SOURCE -Wl,-z,relro  conftest.c -lldap -llber  >&5
configure:8446: $? = 0
configure:8456: result: yes
configure:8462: checking for ldapssl_client_init in -lldap
configure:8487: gcc -o conftest -O2 -g -pipe -Wall -Wp,-D_FORTIFY_SOURCE=2 -fexceptions -fstack-protector-strong --param=ssp-buffer-size=4 -grecord-gcc-switches   -m64 -mtune=generic -pthread  -DLINUX -D_REENTRANT -D_GNU_SOURCE -Wl,-z,relro  conftest.c -lldap -llber  >&5
/tmp/cck0H6Zz.o: In function `main':
/home/mania25/rpmbuild/BUILD/apr-util-1.5.4/conftest.c:35: undefined reference to `ldapssl_client_init'
collect2: error: ld returned 1 exit status
configure:8487: $? = 1
configure: failed program was:
| /* confdefs.h */
| #define PACKAGE_NAME ""
| #define PACKAGE_TARNAME ""
| #define PACKAGE_VERSION ""
| #define PACKAGE_STRING ""
| #define PACKAGE_BUGREPORT ""
| #define PACKAGE_URL ""
| #define STDC_HEADERS 1
| #define HAVE_SYS_TYPES_H 1
| #define HAVE_SYS_STAT_H 1
| #define HAVE_STDLIB_H 1
| #define HAVE_STRING_H 1
| #define HAVE_MEMORY_H 1
| #define HAVE_STRINGS_H 1
| #define HAVE_INTTYPES_H 1
| #define HAVE_STDINT_H 1
| #define HAVE_UNISTD_H 1
| #define HAVE_OPENSSL_X509_H 1
| #define CRYPTO_OPENSSL_CONST_BUFFERS 1
| #define HAVE_PRERROR_H 1
| #define HAVE_NSS_H 1
| #define HAVE_PK11PUB_H 1
| /* end confdefs.h.  */
| 
| /* Override any GCC internal prototype to avoid an error.
|    Use char because int might match the return type of a GCC
|    builtin and then its argument prototype would still apply.  */
| #ifdef __cplusplus
| extern "C"
| #endif
| char ldapssl_client_init ();
| int
| main ()
| {
| return ldapssl_client_init ();
|   ;
|   return 0;
| }
configure:8497: result: no
configure:8504: checking for ldapssl_client_deinit in -lldap
configure:8529: gcc -o conftest -O2 -g -pipe -Wall -Wp,-D_FORTIFY_SOURCE=2 -fexceptions -fstack-protector-strong --param=ssp-buffer-size=4 -grecord-gcc-switches   -m64 -mtune=generic -pthread  -DLINUX -D_REENTRANT -D_GNU_SOURCE -Wl,-z,relro  conftest.c -lldap -llber  >&5
/tmp/ccGt0f1B.o: In function `main':
/home/mania25/rpmbuild/BUILD/apr-util-1.5.4/conftest.c:35: undefined reference to `ldapssl_client_deinit'
collect2: error: ld returned 1 exit status
configure:8529: $? = 1
configure: failed program was:
| /* confdefs.h */
| #define PACKAGE_NAME ""
| #define PACKAGE_TARNAME ""
| #define PACKAGE_VERSION ""
| #define PACKAGE_STRING ""
| #define PACKAGE_BUGREPORT ""
| #define PACKAGE_URL ""
| #define STDC_HEADERS 1
| #define HAVE_SYS_TYPES_H 1
| #define HAVE_SYS_STAT_H 1
| #define HAVE_STDLIB_H 1
| #define HAVE_STRING_H 1
| #define HAVE_MEMORY_H 1
| #define HAVE_STRINGS_H 1
| #define HAVE_INTTYPES_H 1
| #define HAVE_STDINT_H 1
| #define HAVE_UNISTD_H 1
| #define HAVE_OPENSSL_X509_H 1
| #define CRYPTO_OPENSSL_CONST_BUFFERS 1
| #define HAVE_PRERROR_H 1
| #define HAVE_NSS_H 1
| #define HAVE_PK11PUB_H 1
| /* end confdefs.h.  */
| 
| /* Override any GCC internal prototype to avoid an error.
|    Use char because int might match the return type of a GCC
|    builtin and then its argument prototype would still apply.  */
| #ifdef __cplusplus
| extern "C"
| #endif
| char ldapssl_client_deinit ();
| int
| main ()
| {
| return ldapssl_client_deinit ();
|   ;
|   return 0;
| }
configure:8539: result: no
configure:8546: checking for ldapssl_add_trusted_cert in -lldap
configure:8571: gcc -o conftest -O2 -g -pipe -Wall -Wp,-D_FORTIFY_SOURCE=2 -fexceptions -fstack-protector-strong --param=ssp-buffer-size=4 -grecord-gcc-switches   -m64 -mtune=generic -pthread  -DLINUX -D_REENTRANT -D_GNU_SOURCE -Wl,-z,relro  conftest.c -lldap -llber  >&5
/tmp/ccehZv7F.o: In function `main':
/home/mania25/rpmbuild/BUILD/apr-util-1.5.4/conftest.c:35: undefined reference to `ldapssl_add_trusted_cert'
collect2: error: ld returned 1 exit status
configure:8571: $? = 1
configure: failed program was:
| /* confdefs.h */
| #define PACKAGE_NAME ""
| #define PACKAGE_TARNAME ""
| #define PACKAGE_VERSION ""
| #define PACKAGE_STRING ""
| #define PACKAGE_BUGREPORT ""
| #define PACKAGE_URL ""
| #define STDC_HEADERS 1
| #define HAVE_SYS_TYPES_H 1
| #define HAVE_SYS_STAT_H 1
| #define HAVE_STDLIB_H 1
| #define HAVE_STRING_H 1
| #define HAVE_MEMORY_H 1
| #define HAVE_STRINGS_H 1
| #define HAVE_INTTYPES_H 1
| #define HAVE_STDINT_H 1
| #define HAVE_UNISTD_H 1
| #define HAVE_OPENSSL_X509_H 1
| #define CRYPTO_OPENSSL_CONST_BUFFERS 1
| #define HAVE_PRERROR_H 1
| #define HAVE_NSS_H 1
| #define HAVE_PK11PUB_H 1
| /* end confdefs.h.  */
| 
| /* Override any GCC internal prototype to avoid an error.
|    Use char because int might match the return type of a GCC
|    builtin and then its argument prototype would still apply.  */
| #ifdef __cplusplus
| extern "C"
| #endif
| char ldapssl_add_trusted_cert ();
| int
| main ()
| {
| return ldapssl_add_trusted_cert ();
|   ;
|   return 0;
| }
configure:8581: result: no
configure:8588: checking for ldap_start_tls_s in -lldap
configure:8613: gcc -o conftest -O2 -g -pipe -Wall -Wp,-D_FORTIFY_SOURCE=2 -fexceptions -fstack-protector-strong --param=ssp-buffer-size=4 -grecord-gcc-switches   -m64 -mtune=generic -pthread  -DLINUX -D_REENTRANT -D_GNU_SOURCE -Wl,-z,relro  conftest.c -lldap -llber  >&5
configure:8613: $? = 0
configure:8623: result: yes
configure:8630: checking for ldap_sslinit in -lldap
configure:8655: gcc -o conftest -O2 -g -pipe -Wall -Wp,-D_FORTIFY_SOURCE=2 -fexceptions -fstack-protector-strong --param=ssp-buffer-size=4 -grecord-gcc-switches   -m64 -mtune=generic -pthread  -DLINUX -D_REENTRANT -D_GNU_SOURCE -Wl,-z,relro  conftest.c -lldap -llber  >&5
/tmp/ccTVbFZR.o: In function `main':
/home/mania25/rpmbuild/BUILD/apr-util-1.5.4/conftest.c:35: undefined reference to `ldap_sslinit'
collect2: error: ld returned 1 exit status
configure:8655: $? = 1
configure: failed program was:
| /* confdefs.h */
| #define PACKAGE_NAME ""
| #define PACKAGE_TARNAME ""
| #define PACKAGE_VERSION ""
| #define PACKAGE_STRING ""
| #define PACKAGE_BUGREPORT ""
| #define PACKAGE_URL ""
| #define STDC_HEADERS 1
| #define HAVE_SYS_TYPES_H 1
| #define HAVE_SYS_STAT_H 1
| #define HAVE_STDLIB_H 1
| #define HAVE_STRING_H 1
| #define HAVE_MEMORY_H 1
| #define HAVE_STRINGS_H 1
| #define HAVE_INTTYPES_H 1
| #define HAVE_STDINT_H 1
| #define HAVE_UNISTD_H 1
| #define HAVE_OPENSSL_X509_H 1
| #define CRYPTO_OPENSSL_CONST_BUFFERS 1
| #define HAVE_PRERROR_H 1
| #define HAVE_NSS_H 1
| #define HAVE_PK11PUB_H 1
| /* end confdefs.h.  */
| 
| /* Override any GCC internal prototype to avoid an error.
|    Use char because int might match the return type of a GCC
|    builtin and then its argument prototype would still apply.  */
| #ifdef __cplusplus
| extern "C"
| #endif
| char ldap_sslinit ();
| int
| main ()
| {
| return ldap_sslinit ();
|   ;
|   return 0;
| }
configure:8665: result: no
configure:8672: checking for ldapssl_init in -lldap
configure:8697: gcc -o conftest -O2 -g -pipe -Wall -Wp,-D_FORTIFY_SOURCE=2 -fexceptions -fstack-protector-strong --param=ssp-buffer-size=4 -grecord-gcc-switches   -m64 -mtune=generic -pthread  -DLINUX -D_REENTRANT -D_GNU_SOURCE -Wl,-z,relro  conftest.c -lldap -llber  >&5
/tmp/ccCFOw0V.o: In function `main':
/home/mania25/rpmbuild/BUILD/apr-util-1.5.4/conftest.c:35: undefined reference to `ldapssl_init'
collect2: error: ld returned 1 exit status
configure:8697: $? = 1
configure: failed program was:
| /* confdefs.h */
| #define PACKAGE_NAME ""
| #define PACKAGE_TARNAME ""
| #define PACKAGE_VERSION ""
| #define PACKAGE_STRING ""
| #define PACKAGE_BUGREPORT ""
| #define PACKAGE_URL ""
| #define STDC_HEADERS 1
| #define HAVE_SYS_TYPES_H 1
| #define HAVE_SYS_STAT_H 1
| #define HAVE_STDLIB_H 1
| #define HAVE_STRING_H 1
| #define HAVE_MEMORY_H 1
| #define HAVE_STRINGS_H 1
| #define HAVE_INTTYPES_H 1
| #define HAVE_STDINT_H 1
| #define HAVE_UNISTD_H 1
| #define HAVE_OPENSSL_X509_H 1
| #define CRYPTO_OPENSSL_CONST_BUFFERS 1
| #define HAVE_PRERROR_H 1
| #define HAVE_NSS_H 1
| #define HAVE_PK11PUB_H 1
| /* end confdefs.h.  */
| 
| /* Override any GCC internal prototype to avoid an error.
|    Use char because int might match the return type of a GCC
|    builtin and then its argument prototype would still apply.  */
| #ifdef __cplusplus
| extern "C"
| #endif
| char ldapssl_init ();
| int
| main ()
| {
| return ldapssl_init ();
|   ;
|   return 0;
| }
configure:8707: result: no
configure:8714: checking for ldapssl_install_routines in -lldap
configure:8739: gcc -o conftest -O2 -g -pipe -Wall -Wp,-D_FORTIFY_SOURCE=2 -fexceptions -fstack-protector-strong --param=ssp-buffer-size=4 -grecord-gcc-switches   -m64 -mtune=generic -pthread  -DLINUX -D_REENTRANT -D_GNU_SOURCE -Wl,-z,relro  conftest.c -lldap -llber  >&5
/tmp/ccBer10X.o: In function `main':
/home/mania25/rpmbuild/BUILD/apr-util-1.5.4/conftest.c:35: undefined reference to `ldapssl_install_routines'
collect2: error: ld returned 1 exit status
configure:8739: $? = 1
configure: failed program was:
| /* confdefs.h */
| #define PACKAGE_NAME ""
| #define PACKAGE_TARNAME ""
| #define PACKAGE_VERSION ""
| #define PACKAGE_STRING ""
| #define PACKAGE_BUGREPORT ""
| #define PACKAGE_URL ""
| #define STDC_HEADERS 1
| #define HAVE_SYS_TYPES_H 1
| #define HAVE_SYS_STAT_H 1
| #define HAVE_STDLIB_H 1
| #define HAVE_STRING_H 1
| #define HAVE_MEMORY_H 1
| #define HAVE_STRINGS_H 1
| #define HAVE_INTTYPES_H 1
| #define HAVE_STDINT_H 1
| #define HAVE_UNISTD_H 1
| #define HAVE_OPENSSL_X509_H 1
| #define CRYPTO_OPENSSL_CONST_BUFFERS 1
| #define HAVE_PRERROR_H 1
| #define HAVE_NSS_H 1
| #define HAVE_PK11PUB_H 1
| /* end confdefs.h.  */
| 
| /* Override any GCC internal prototype to avoid an error.
|    Use char because int might match the return type of a GCC
|    builtin and then its argument prototype would still apply.  */
| #ifdef __cplusplus
| extern "C"
| #endif
| char ldapssl_install_routines ();
| int
| main ()
| {
| return ldapssl_install_routines ();
|   ;
|   return 0;
| }
configure:8749: result: no
configure:11247: checking for ber_init in -llber
configure:11272: gcc -o conftest -O2 -g -pipe -Wall -Wp,-D_FORTIFY_SOURCE=2 -fexceptions -fstack-protector-strong --param=ssp-buffer-size=4 -grecord-gcc-switches   -m64 -mtune=generic -pthread  -DLINUX -D_REENTRANT -D_GNU_SOURCE -Wl,-z,relro  conftest.c -llber   >&5
configure:11272: $? = 0
configure:11282: result: yes
configure:11311: checking lber.h usability
configure:11311: gcc -c -O2 -g -pipe -Wall -Wp,-D_FORTIFY_SOURCE=2 -fexceptions -fstack-protector-strong --param=ssp-buffer-size=4 -grecord-gcc-switches   -m64 -mtune=generic -pthread  -DLINUX -D_REENTRANT -D_GNU_SOURCE conftest.c >&5
configure:11311: $? = 0
configure:11311: result: yes
configure:11311: checking lber.h presence
configure:11311: gcc -E  -DLINUX -D_REENTRANT -D_GNU_SOURCE conftest.c
configure:11311: $? = 0
configure:11311: result: yes
configure:11311: checking for lber.h
configure:11311: result: yes
configure:11325: checking for ldap.h
configure:11338: gcc -E  -DLINUX -D_REENTRANT -D_GNU_SOURCE conftest.c
configure:11338: $? = 0
configure:11345: result: yes
configure:11356: checking ldap_ssl.h usability
configure:11356: gcc -c -O2 -g -pipe -Wall -Wp,-D_FORTIFY_SOURCE=2 -fexceptions -fstack-protector-strong --param=ssp-buffer-size=4 -grecord-gcc-switches   -m64 -mtune=generic -pthread  -DLINUX -D_REENTRANT -D_GNU_SOURCE conftest.c >&5
conftest.c:59:22: fatal error: ldap_ssl.h: No such file or directory
 #include <ldap_ssl.h>
                      ^
compilation terminated.
configure:11356: $? = 1
configure: failed program was:
| /* confdefs.h */
| #define PACKAGE_NAME ""
| #define PACKAGE_TARNAME ""
| #define PACKAGE_VERSION ""
| #define PACKAGE_STRING ""
| #define PACKAGE_BUGREPORT ""
| #define PACKAGE_URL ""
| #define STDC_HEADERS 1
| #define HAVE_SYS_TYPES_H 1
| #define HAVE_SYS_STAT_H 1
| #define HAVE_STDLIB_H 1
| #define HAVE_STRING_H 1
| #define HAVE_MEMORY_H 1
| #define HAVE_STRINGS_H 1
| #define HAVE_INTTYPES_H 1
| #define HAVE_STDINT_H 1
| #define HAVE_UNISTD_H 1
| #define HAVE_OPENSSL_X509_H 1
| #define CRYPTO_OPENSSL_CONST_BUFFERS 1
| #define HAVE_PRERROR_H 1
| #define HAVE_NSS_H 1
| #define HAVE_PK11PUB_H 1
| #define HAVE_LBER_H 1
| #define HAVE_LDAP_H 1
| /* end confdefs.h.  */
| #include <stdio.h>
| #ifdef HAVE_SYS_TYPES_H
| # include <sys/types.h>
| #endif
| #ifdef HAVE_SYS_STAT_H
| # include <sys/stat.h>
| #endif
| #ifdef STDC_HEADERS
| # include <stdlib.h>
| # include <stddef.h>
| #else
| # ifdef HAVE_STDLIB_H
| #  include <stdlib.h>
| # endif
| #endif
| #ifdef HAVE_STRING_H
| # if !defined STDC_HEADERS && defined HAVE_MEMORY_H
| #  include <memory.h>
| # endif
| # include <string.h>
| #endif
| #ifdef HAVE_STRINGS_H
| # include <strings.h>
| #endif
| #ifdef HAVE_INTTYPES_H
| # include <inttypes.h>
| #endif
| #ifdef HAVE_STDINT_H
| # include <stdint.h>
| #endif
| #ifdef HAVE_UNISTD_H
| # include <unistd.h>
| #endif
| #include <ldap_ssl.h>
configure:11356: result: no
configure:11356: checking ldap_ssl.h presence
configure:11356: gcc -E  -DLINUX -D_REENTRANT -D_GNU_SOURCE conftest.c
conftest.c:26:22: fatal error: ldap_ssl.h: No such file or directory
 #include <ldap_ssl.h>
                      ^
compilation terminated.
configure:11356: $? = 1
configure: failed program was:
| /* confdefs.h */
| #define PACKAGE_NAME ""
| #define PACKAGE_TARNAME ""
| #define PACKAGE_VERSION ""
| #define PACKAGE_STRING ""
| #define PACKAGE_BUGREPORT ""
| #define PACKAGE_URL ""
| #define STDC_HEADERS 1
| #define HAVE_SYS_TYPES_H 1
| #define HAVE_SYS_STAT_H 1
| #define HAVE_STDLIB_H 1
| #define HAVE_STRING_H 1
| #define HAVE_MEMORY_H 1
| #define HAVE_STRINGS_H 1
| #define HAVE_INTTYPES_H 1
| #define HAVE_STDINT_H 1
| #define HAVE_UNISTD_H 1
| #define HAVE_OPENSSL_X509_H 1
| #define CRYPTO_OPENSSL_CONST_BUFFERS 1
| #define HAVE_PRERROR_H 1
| #define HAVE_NSS_H 1
| #define HAVE_PK11PUB_H 1
| #define HAVE_LBER_H 1
| #define HAVE_LDAP_H 1
| /* end confdefs.h.  */
| #include <ldap_ssl.h>
configure:11356: result: no
configure:11356: checking for ldap_ssl.h
configure:11356: result: no
configure:11368: checking for LDAP toolkit
configure:11503: result: OpenLDAP
configure:11522: checking style of ldap_set_rebind_proc routine
configure:11551: gcc -c -O2 -g -pipe -Wall -Wp,-D_FORTIFY_SOURCE=2 -fexceptions -fstack-protector-strong --param=ssp-buffer-size=4 -grecord-gcc-switches   -m64 -mtune=generic -pthread  -Werror  -DLINUX -D_REENTRANT -D_GNU_SOURCE  conftest.c >&5
configure:11551: $? = 0
configure:11560: result: three
configure:18601: checking for default DBM
configure:18603: result: sdbm (default)
configure:18731: checking for pg_config
configure:18749: found /usr/bin/pg_config
configure:18761: result: /usr/bin/pg_config
configure:18819: checking libpq-fe.h usability
configure:18819: gcc -c -O2 -g -pipe -Wall -Wp,-D_FORTIFY_SOURCE=2 -fexceptions -fstack-protector-strong --param=ssp-buffer-size=4 -grecord-gcc-switches   -m64 -mtune=generic -pthread  -DLINUX -D_REENTRANT -D_GNU_SOURCE -I/usr/include conftest.c >&5
configure:18819: $? = 0
configure:18819: result: yes
configure:18819: checking libpq-fe.h presence
configure:18819: gcc -E  -DLINUX -D_REENTRANT -D_GNU_SOURCE -I/usr/include conftest.c
configure:18819: $? = 0
configure:18819: result: yes
configure:18819: checking for libpq-fe.h
configure:18819: result: yes
configure:18825: checking for PQsendQueryPrepared in -lpq
configure:18850: gcc -o conftest -O2 -g -pipe -Wall -Wp,-D_FORTIFY_SOURCE=2 -fexceptions -fstack-protector-strong --param=ssp-buffer-size=4 -grecord-gcc-switches   -m64 -mtune=generic -pthread  -DLINUX -D_REENTRANT -D_GNU_SOURCE -I/usr/include -Wl,-z,relro  -L/usr/lib64 conftest.c -lpq   >&5
configure:18850: $? = 0
configure:18859: result: yes
configure:19853: checking for mysql_config
configure:19871: found /usr/bin/mysql_config
configure:19883: result: /usr/bin/mysql_config
configure:19943: checking for mysql.h
configure:19943: gcc -c -O2 -g -pipe -Wall -Wp,-D_FORTIFY_SOURCE=2 -fexceptions -fstack-protector-strong --param=ssp-buffer-size=4 -grecord-gcc-switches   -m64 -mtune=generic -pthread  -DLINUX -D_REENTRANT -D_GNU_SOURCE -I/usr/include/mysql conftest.c >&5
In file included from /usr/include/mysql/my_config.h:14:0,
                 from /usr/include/mysql/my_global.h:79,
                 from conftest.c:28:
/usr/include/mysql/my_config_x86_64.h:631:0: warning: "PACKAGE_NAME" redefined [enabled by default]
 #define PACKAGE_NAME "MySQL Server"
 ^
conftest.c:2:0: note: this is the location of the previous definition
 #define PACKAGE_NAME ""
 ^
In file included from /usr/include/mysql/my_config.h:14:0,
                 from /usr/include/mysql/my_global.h:79,
                 from conftest.c:28:
/usr/include/mysql/my_config_x86_64.h:632:0: warning: "PACKAGE_STRING" redefined [enabled by default]
 #define PACKAGE_STRING "MySQL Server 5.5.44"
 ^
conftest.c:5:0: note: this is the location of the previous definition
 #define PACKAGE_STRING ""
 ^
In file included from /usr/include/mysql/my_config.h:14:0,
                 from /usr/include/mysql/my_global.h:79,
                 from conftest.c:28:
/usr/include/mysql/my_config_x86_64.h:633:0: warning: "PACKAGE_TARNAME" redefined [enabled by default]
 #define PACKAGE_TARNAME "mysql"
 ^
conftest.c:3:0: note: this is the location of the previous definition
 #define PACKAGE_TARNAME ""
 ^
In file included from /usr/include/mysql/my_config.h:14:0,
                 from /usr/include/mysql/my_global.h:79,
                 from conftest.c:28:
/usr/include/mysql/my_config_x86_64.h:634:0: warning: "PACKAGE_VERSION" redefined [enabled by default]
 #define PACKAGE_VERSION "5.5.44"
 ^
conftest.c:4:0: note: this is the location of the previous definition
 #define PACKAGE_VERSION ""
 ^
configure:19943: $? = 0
configure:19943: result: yes
configure:19949: checking for mysql_init in -lmysqlclient_r
configure:19974: gcc -o conftest -O2 -g -pipe -Wall -Wp,-D_FORTIFY_SOURCE=2 -fexceptions -fstack-protector-strong --param=ssp-buffer-size=4 -grecord-gcc-switches   -m64 -mtune=generic -pthread  -DLINUX -D_REENTRANT -D_GNU_SOURCE -I/usr/include/mysql -Wl,-z,relro  conftest.c -lmysqlclient_r  -L/usr/lib64/mysql -lmysqlclient -lpthread -lz -lm -lssl -lcrypto -ldl >&5
configure:19974: $? = 0
configure:19983: result: yes
configure:19943: checking for my_global.h
configure:19943: gcc -c -O2 -g -pipe -Wall -Wp,-D_FORTIFY_SOURCE=2 -fexceptions -fstack-protector-strong --param=ssp-buffer-size=4 -grecord-gcc-switches   -m64 -mtune=generic -pthread  -DLINUX -D_REENTRANT -D_GNU_SOURCE -I/usr/include/mysql conftest.c >&5
In file included from /usr/include/mysql/my_config.h:14:0,
                 from /usr/include/mysql/my_global.h:79,
                 from conftest.c:29:
/usr/include/mysql/my_config_x86_64.h:631:0: warning: "PACKAGE_NAME" redefined [enabled by default]
 #define PACKAGE_NAME "MySQL Server"
 ^
conftest.c:2:0: note: this is the location of the previous definition
 #define PACKAGE_NAME ""
 ^
In file included from /usr/include/mysql/my_config.h:14:0,
                 from /usr/include/mysql/my_global.h:79,
                 from conftest.c:29:
/usr/include/mysql/my_config_x86_64.h:632:0: warning: "PACKAGE_STRING" redefined [enabled by default]
 #define PACKAGE_STRING "MySQL Server 5.5.44"
 ^
conftest.c:5:0: note: this is the location of the previous definition
 #define PACKAGE_STRING ""
 ^
In file included from /usr/include/mysql/my_config.h:14:0,
                 from /usr/include/mysql/my_global.h:79,
                 from conftest.c:29:
/usr/include/mysql/my_config_x86_64.h:633:0: warning: "PACKAGE_TARNAME" redefined [enabled by default]
 #define PACKAGE_TARNAME "mysql"
 ^
conftest.c:3:0: note: this is the location of the previous definition
 #define PACKAGE_TARNAME ""
 ^
In file included from /usr/include/mysql/my_config.h:14:0,
                 from /usr/include/mysql/my_global.h:79,
                 from conftest.c:29:
/usr/include/mysql/my_config_x86_64.h:634:0: warning: "PACKAGE_VERSION" redefined [enabled by default]
 #define PACKAGE_VERSION "5.5.44"
 ^
conftest.c:4:0: note: this is the location of the previous definition
 #define PACKAGE_VERSION ""
 ^
configure:19943: $? = 0
configure:19943: result: yes
configure:19949: checking for mysql_init in -lmysqlclient_r
configure:19983: result: yes
configure:19943: checking for my_sys.h
configure:19943: gcc -c -O2 -g -pipe -Wall -Wp,-D_FORTIFY_SOURCE=2 -fexceptions -fstack-protector-strong --param=ssp-buffer-size=4 -grecord-gcc-switches   -m64 -mtune=generic -pthread  -DLINUX -D_REENTRANT -D_GNU_SOURCE -I/usr/include/mysql conftest.c >&5
In file included from /usr/include/mysql/my_config.h:14:0,
                 from /usr/include/mysql/my_global.h:79,
                 from conftest.c:30:
/usr/include/mysql/my_config_x86_64.h:631:0: warning: "PACKAGE_NAME" redefined [enabled by default]
 #define PACKAGE_NAME "MySQL Server"
 ^
conftest.c:2:0: note: this is the location of the previous definition
 #define PACKAGE_NAME ""
 ^
In file included from /usr/include/mysql/my_config.h:14:0,
                 from /usr/include/mysql/my_global.h:79,
                 from conftest.c:30:
/usr/include/mysql/my_config_x86_64.h:632:0: warning: "PACKAGE_STRING" redefined [enabled by default]
 #define PACKAGE_STRING "MySQL Server 5.5.44"
 ^
conftest.c:5:0: note: this is the location of the previous definition
 #define PACKAGE_STRING ""
 ^
In file included from /usr/include/mysql/my_config.h:14:0,
                 from /usr/include/mysql/my_global.h:79,
                 from conftest.c:30:
/usr/include/mysql/my_config_x86_64.h:633:0: warning: "PACKAGE_TARNAME" redefined [enabled by default]
 #define PACKAGE_TARNAME "mysql"
 ^
conftest.c:3:0: note: this is the location of the previous definition
 #define PACKAGE_TARNAME ""
 ^
In file included from /usr/include/mysql/my_config.h:14:0,
                 from /usr/include/mysql/my_global.h:79,
                 from conftest.c:30:
/usr/include/mysql/my_config_x86_64.h:634:0: warning: "PACKAGE_VERSION" redefined [enabled by default]
 #define PACKAGE_VERSION "5.5.44"
 ^
conftest.c:4:0: note: this is the location of the previous definition
 #define PACKAGE_VERSION ""
 ^
configure:19943: $? = 0
configure:19943: result: yes
configure:19949: checking for mysql_init in -lmysqlclient_r
configure:19983: result: yes
configure:20379: checking sqlite3.h usability
configure:20379: gcc -c -O2 -g -pipe -Wall -Wp,-D_FORTIFY_SOURCE=2 -fexceptions -fstack-protector-strong --param=ssp-buffer-size=4 -grecord-gcc-switches   -m64 -mtune=generic -pthread  -DLINUX -D_REENTRANT -D_GNU_SOURCE conftest.c >&5
configure:20379: $? = 0
configure:20379: result: yes
configure:20379: checking sqlite3.h presence
configure:20379: gcc -E  -DLINUX -D_REENTRANT -D_GNU_SOURCE conftest.c
configure:20379: $? = 0
configure:20379: result: yes
configure:20379: checking for sqlite3.h
configure:20379: result: yes
configure:20384: checking for sqlite3_open in -lsqlite3
configure:20409: gcc -o conftest -O2 -g -pipe -Wall -Wp,-D_FORTIFY_SOURCE=2 -fexceptions -fstack-protector-strong --param=ssp-buffer-size=4 -grecord-gcc-switches   -m64 -mtune=generic -pthread  -DLINUX -D_REENTRANT -D_GNU_SOURCE -Wl,-z,relro  conftest.c -lsqlite3   >&5
configure:20409: $? = 0
configure:20418: result: yes
configure:21565: checking sybdb.h usability
configure:21565: gcc -c -O2 -g -pipe -Wall -Wp,-D_FORTIFY_SOURCE=2 -fexceptions -fstack-protector-strong --param=ssp-buffer-size=4 -grecord-gcc-switches   -m64 -mtune=generic -pthread  -DLINUX -D_REENTRANT -D_GNU_SOURCE conftest.c >&5
configure:21565: $? = 0
configure:21565: result: yes
configure:21565: checking sybdb.h presence
configure:21565: gcc -E  -DLINUX -D_REENTRANT -D_GNU_SOURCE conftest.c
configure:21565: $? = 0
configure:21565: result: yes
configure:21565: checking for sybdb.h
configure:21565: result: yes
configure:21570: checking for tdsdbopen in -lsybdb
configure:21595: gcc -o conftest -O2 -g -pipe -Wall -Wp,-D_FORTIFY_SOURCE=2 -fexceptions -fstack-protector-strong --param=ssp-buffer-size=4 -grecord-gcc-switches   -m64 -mtune=generic -pthread  -DLINUX -D_REENTRANT -D_GNU_SOURCE -Wl,-z,relro  conftest.c -lsybdb   >&5
configure:21595: $? = 0
configure:21604: result: yes
configure:22002: checking for odbc_config
configure:22020: found /usr/bin/odbc_config
configure:22032: result: /usr/bin/odbc_config
configure:22112: checking sql.h usability
configure:22112: gcc -c -O2 -g -pipe -Wall -Wp,-D_FORTIFY_SOURCE=2 -fexceptions -fstack-protector-strong --param=ssp-buffer-size=4 -grecord-gcc-switches   -m64 -mtune=generic -pthread  -DLINUX -D_REENTRANT -D_GNU_SOURCE -I/usr/include conftest.c >&5
configure:22112: $? = 0
configure:22112: result: yes
configure:22112: checking sql.h presence
configure:22112: gcc -E  -DLINUX -D_REENTRANT -D_GNU_SOURCE -I/usr/include conftest.c
configure:22112: $? = 0
configure:22112: result: yes
configure:22112: checking for sql.h
configure:22112: result: yes
configure:22117: checking for SQLAllocHandle in -lodbc
configure:22142: gcc -o conftest -O2 -g -pipe -Wall -Wp,-D_FORTIFY_SOURCE=2 -fexceptions -fstack-protector-strong --param=ssp-buffer-size=4 -grecord-gcc-switches   -m64 -mtune=generic -pthread  -DLINUX -D_REENTRANT -D_GNU_SOURCE -I/usr/include -Wl,-z,relro  -L/usr/lib64 conftest.c -lodbc  -L/usr/lib64 -lodbc >&5
configure:22142: $? = 0
configure:22151: result: yes
configure:22892: checking Expat 1.95.x
configure:22912: gcc -o conftest -O2 -g -pipe -Wall -Wp,-D_FORTIFY_SOURCE=2 -fexceptions -fstack-protector-strong --param=ssp-buffer-size=4 -grecord-gcc-switches   -m64 -mtune=generic -pthread  -DLINUX -D_REENTRANT -D_GNU_SOURCE -Wl,-z,relro  conftest.c  -lexpat >&5
configure:22912: $? = 0
configure:22922: result: yes
configure:23613: checking iconv.h usability
configure:23613: gcc -c -O2 -g -pipe -Wall -Wp,-D_FORTIFY_SOURCE=2 -fexceptions -fstack-protector-strong --param=ssp-buffer-size=4 -grecord-gcc-switches   -m64 -mtune=generic -pthread  -DLINUX -D_REENTRANT -D_GNU_SOURCE conftest.c >&5
configure:23613: $? = 0
configure:23613: result: yes
configure:23613: checking iconv.h presence
configure:23613: gcc -E  -DLINUX -D_REENTRANT -D_GNU_SOURCE conftest.c
configure:23613: $? = 0
configure:23613: result: yes
configure:23613: checking for iconv.h
configure:23613: result: yes
configure:23634: gcc -o conftest -O2 -g -pipe -Wall -Wp,-D_FORTIFY_SOURCE=2 -fexceptions -fstack-protector-strong --param=ssp-buffer-size=4 -grecord-gcc-switches   -m64 -mtune=generic -pthread  -DLINUX -D_REENTRANT -D_GNU_SOURCE -Wl,-z,relro  conftest.c  >&5
configure:23634: $? = 0
configure:23857: checking for type of inbuf parameter to iconv
configure:23880: gcc -c -O2 -g -pipe -Wall -Wp,-D_FORTIFY_SOURCE=2 -fexceptions -fstack-protector-strong --param=ssp-buffer-size=4 -grecord-gcc-switches   -m64 -mtune=generic -pthread  -Werror  -DLINUX -D_REENTRANT -D_GNU_SOURCE conftest.c >&5
configure:23880: $? = 0
configure:23897: result: char **
configure:23906: checking for iconv.h
configure:23906: result: yes
configure:23906: checking langinfo.h usability
configure:23906: gcc -c -O2 -g -pipe -Wall -Wp,-D_FORTIFY_SOURCE=2 -fexceptions -fstack-protector-strong --param=ssp-buffer-size=4 -grecord-gcc-switches   -m64 -mtune=generic -pthread  -DLINUX -D_REENTRANT -D_GNU_SOURCE conftest.c >&5
configure:23906: $? = 0
configure:23906: result: yes
configure:23906: checking langinfo.h presence
configure:23906: gcc -E  -DLINUX -D_REENTRANT -D_GNU_SOURCE conftest.c
configure:23906: $? = 0
configure:23906: result: yes
configure:23906: checking for langinfo.h
configure:23906: result: yes
configure:23930: checking for nl_langinfo
configure:23930: gcc -o conftest -O2 -g -pipe -Wall -Wp,-D_FORTIFY_SOURCE=2 -fexceptions -fstack-protector-strong --param=ssp-buffer-size=4 -grecord-gcc-switches   -m64 -mtune=generic -pthread  -DLINUX -D_REENTRANT -D_GNU_SOURCE -Wl,-z,relro  conftest.c  >&5
configure:23930: $? = 0
configure:23930: result: yes
configure:23950: checking for CODESET in langinfo.h
configure:23975: result: yes
configure:23999: checking whether APR has DSO support
configure:24024: result: yes
configure:24109: checking for library containing crypt
configure:24140: gcc -o conftest -O2 -g -pipe -Wall -Wp,-D_FORTIFY_SOURCE=2 -fexceptions -fstack-protector-strong --param=ssp-buffer-size=4 -grecord-gcc-switches   -m64 -mtune=generic -pthread  -DLINUX -D_REENTRANT -D_GNU_SOURCE -Wl,-z,relro  conftest.c  >&5
/tmp/ccEw4vbK.o: In function `main':
/home/mania25/rpmbuild/BUILD/apr-util-1.5.4/conftest.c:51: undefined reference to `crypt'
collect2: error: ld returned 1 exit status
configure:24140: $? = 1
configure: failed program was:
| /* confdefs.h */
| #define PACKAGE_NAME ""
| #define PACKAGE_TARNAME ""
| #define PACKAGE_VERSION ""
| #define PACKAGE_STRING ""
| #define PACKAGE_BUGREPORT ""
| #define PACKAGE_URL ""
| #define STDC_HEADERS 1
| #define HAVE_SYS_TYPES_H 1
| #define HAVE_SYS_STAT_H 1
| #define HAVE_STDLIB_H 1
| #define HAVE_STRING_H 1
| #define HAVE_MEMORY_H 1
| #define HAVE_STRINGS_H 1
| #define HAVE_INTTYPES_H 1
| #define HAVE_STDINT_H 1
| #define HAVE_UNISTD_H 1
| #define HAVE_OPENSSL_X509_H 1
| #define CRYPTO_OPENSSL_CONST_BUFFERS 1
| #define HAVE_PRERROR_H 1
| #define HAVE_NSS_H 1
| #define HAVE_PK11PUB_H 1
| #define HAVE_LBER_H 1
| #define HAVE_LDAP_H 1
| #define LDAP_SET_REBIND_PROC_THREE 1
| #define HAVE_LIBPQ_FE_H 1
| #define HAVE_MYSQL_H 1
| #define HAVE_MY_GLOBAL_H 1
| #define HAVE_MY_SYS_H 1
| #define HAVE_SQLITE3_H 1
| #define HAVE_SYBDB_H 1
| #define HAVE_SQL_H 1
| #define HAVE_EXPAT_H 1
| #define HAVE_ICONV_H 1
| #define HAVE_LANGINFO_H 1
| #define HAVE_NL_LANGINFO 1
| #define HAVE_CODESET 1
| #define APU_DSO_BUILD 1
| /* end confdefs.h.  */
| 
| /* Override any GCC internal prototype to avoid an error.
|    Use char because int might match the return type of a GCC
|    builtin and then its argument prototype would still apply.  */
| #ifdef __cplusplus
| extern "C"
| #endif
| char crypt ();
| int
| main ()
| {
| return crypt ();
|   ;
|   return 0;
| }
configure:24140: gcc -o conftest -O2 -g -pipe -Wall -Wp,-D_FORTIFY_SOURCE=2 -fexceptions -fstack-protector-strong --param=ssp-buffer-size=4 -grecord-gcc-switches   -m64 -mtune=generic -pthread  -DLINUX -D_REENTRANT -D_GNU_SOURCE -Wl,-z,relro  conftest.c -lcrypt   >&5
configure:24140: $? = 0
configure:24157: result: -lcrypt
configure:24165: checking if system crypt() function is threadsafe
configure:24175: result: no
configure:24180: checking for crypt_r
configure:24180: gcc -o conftest -O2 -g -pipe -Wall -Wp,-D_FORTIFY_SOURCE=2 -fexceptions -fstack-protector-strong --param=ssp-buffer-size=4 -grecord-gcc-switches   -m64 -mtune=generic -pthread  -DLINUX -D_REENTRANT -D_GNU_SOURCE -Wl,-z,relro  conftest.c -lcrypt  >&5
configure:24180: $? = 0
configure:24180: result: yes
configure:24194: checking style of crypt_r
configure:24211: gcc -c -O2 -g -pipe -Wall -Wp,-D_FORTIFY_SOURCE=2 -fexceptions -fstack-protector-strong --param=ssp-buffer-size=4 -grecord-gcc-switches   -m64 -mtune=generic -pthread  -DLINUX -D_REENTRANT -D_GNU_SOURCE conftest.c >&5
conftest.c: In function 'main':
conftest.c:45:1: error: unknown type name 'CRYPTD'
 CRYPTD buffer;
 ^
conftest.c:46:3: warning: passing argument 3 of 'crypt_r' from incompatible pointer type [enabled by default]
   crypt_r("passwd", "hash", &buffer);
   ^
In file included from conftest.c:41:0:
/usr/include/crypt.h:60:14: note: expected 'struct crypt_data * __restrict__' but argument is of type 'int *'
 extern char *crypt_r (const char *__key, const char *__salt,
              ^
configure:24211: $? = 1
configure: failed program was:
| /* confdefs.h */
| #define PACKAGE_NAME ""
| #define PACKAGE_TARNAME ""
| #define PACKAGE_VERSION ""
| #define PACKAGE_STRING ""
| #define PACKAGE_BUGREPORT ""
| #define PACKAGE_URL ""
| #define STDC_HEADERS 1
| #define HAVE_SYS_TYPES_H 1
| #define HAVE_SYS_STAT_H 1
| #define HAVE_STDLIB_H 1
| #define HAVE_STRING_H 1
| #define HAVE_MEMORY_H 1
| #define HAVE_STRINGS_H 1
| #define HAVE_INTTYPES_H 1
| #define HAVE_STDINT_H 1
| #define HAVE_UNISTD_H 1
| #define HAVE_OPENSSL_X509_H 1
| #define CRYPTO_OPENSSL_CONST_BUFFERS 1
| #define HAVE_PRERROR_H 1
| #define HAVE_NSS_H 1
| #define HAVE_PK11PUB_H 1
| #define HAVE_LBER_H 1
| #define HAVE_LDAP_H 1
| #define LDAP_SET_REBIND_PROC_THREE 1
| #define HAVE_LIBPQ_FE_H 1
| #define HAVE_MYSQL_H 1
| #define HAVE_MY_GLOBAL_H 1
| #define HAVE_MY_SYS_H 1
| #define HAVE_SQLITE3_H 1
| #define HAVE_SYBDB_H 1
| #define HAVE_SQL_H 1
| #define HAVE_EXPAT_H 1
| #define HAVE_ICONV_H 1
| #define HAVE_LANGINFO_H 1
| #define HAVE_NL_LANGINFO 1
| #define HAVE_CODESET 1
| #define APU_DSO_BUILD 1
| #define HAVE_CRYPT_R 1
| /* end confdefs.h.  */
| #include <crypt.h>
| int
| main ()
| {
| CRYPTD buffer;
|   crypt_r("passwd", "hash", &buffer);
|   ;
|   return 0;
| }
configure:24226: gcc -c -O2 -g -pipe -Wall -Wp,-D_FORTIFY_SOURCE=2 -fexceptions -fstack-protector-strong --param=ssp-buffer-size=4 -grecord-gcc-switches   -m64 -mtune=generic -pthread  -DLINUX -D_REENTRANT -D_GNU_SOURCE conftest.c >&5
configure:24226: $? = 0
configure:24235: result: struct_crypt_data
configure:24478: creating ./config.status

## ---------------------- ##
## Running config.status. ##
## ---------------------- ##

This file was extended by config.status, which was
generated by GNU Autoconf 2.69.  Invocation command line was

  CONFIG_FILES    = 
  CONFIG_HEADERS  = 
  CONFIG_LINKS    = 
  CONFIG_COMMANDS = 
  $ ./config.status 

on server.abdurrahman.online

config.status:950: creating Makefile
config.status:950: creating export_vars.sh
config.status:950: creating build/pkg/pkginfo
config.status:950: creating apr-util.pc
config.status:950: creating apu-1-config
config.status:950: creating include/private/apu_select_dbm.h
config.status:950: creating include/apr_ldap.h
config.status:950: creating include/apu.h
config.status:950: creating include/apu_want.h
config.status:950: creating test/Makefile
config.status:950: creating include/private/apu_config.h
config.status:1139: executing default commands
configure:25669: WARNING: unrecognized options: --disable-dependency-tracking

## ---------------- ##
## Cache variables. ##
## ---------------- ##

ac_cv_build=x86_64-redhat-linux-gnu
ac_cv_c_compiler_gnu=yes
ac_cv_define_CODESET=yes
ac_cv_env_CC_set=
ac_cv_env_CC_value=
ac_cv_env_CFLAGS_set=set
ac_cv_env_CFLAGS_value='-O2 -g -pipe -Wall -Wp,-D_FORTIFY_SOURCE=2 -fexceptions -fstack-protector-strong --param=ssp-buffer-size=4 -grecord-gcc-switches   -m64 -mtune=generic'
ac_cv_env_CPPFLAGS_set=
ac_cv_env_CPPFLAGS_value=
ac_cv_env_CPP_set=
ac_cv_env_CPP_value=
ac_cv_env_LDFLAGS_set=set
ac_cv_env_LDFLAGS_value='-Wl,-z,relro '
ac_cv_env_LIBS_set=
ac_cv_env_LIBS_value=
ac_cv_env_build_alias_set=set
ac_cv_env_build_alias_value=x86_64-redhat-linux-gnu
ac_cv_env_host_alias_set=set
ac_cv_env_host_alias_value=x86_64-redhat-linux-gnu
ac_cv_env_target_alias_set=
ac_cv_env_target_alias_value=
ac_cv_func_crypt_r=yes
ac_cv_func_nl_langinfo=yes
ac_cv_header_iconv_h=yes
ac_cv_header_inttypes_h=yes
ac_cv_header_langinfo_h=yes
ac_cv_header_lber_h=yes
ac_cv_header_ldap_ssl_h=no
ac_cv_header_libpq_fe_h=yes
ac_cv_header_memory_h=yes
ac_cv_header_my_global_h=yes
ac_cv_header_my_sys_h=yes
ac_cv_header_mysql_h=yes
ac_cv_header_nss_h=yes
ac_cv_header_nss_nss_h=no
ac_cv_header_nss_pk11pub_h=no
ac_cv_header_openssl_x509_h=yes
ac_cv_header_pk11pub_h=yes
ac_cv_header_prerror_h=yes
ac_cv_header_sql_h=yes
ac_cv_header_sqlite3_h=yes
ac_cv_header_stdc=yes
ac_cv_header_stdint_h=yes
ac_cv_header_stdlib_h=yes
ac_cv_header_string_h=yes
ac_cv_header_strings_h=yes
ac_cv_header_sybdb_h=yes
ac_cv_header_sys_stat_h=yes
ac_cv_header_sys_types_h=yes
ac_cv_header_unistd_h=yes
ac_cv_host=x86_64-redhat-linux-gnu
ac_cv_ldap_set_rebind_proc_style=three
ac_cv_lib_crypto_BN_init=yes
ac_cv_lib_lber___ber_init=yes
ac_cv_lib_ldap50___ldap_init=no
ac_cv_lib_ldap___ldap_init=yes
ac_cv_lib_ldap___ldap_sslinit=no
ac_cv_lib_ldap___ldap_start_tls_s=yes
ac_cv_lib_ldap___ldapssl_add_trusted_cert=no
ac_cv_lib_ldap___ldapssl_client_deinit=no
ac_cv_lib_ldap___ldapssl_client_init=no
ac_cv_lib_ldap___ldapssl_init=no
ac_cv_lib_ldap___ldapssl_install_routines=no
ac_cv_lib_ldapsdk___ldap_init=no
ac_cv_lib_ldapssl20___ldap_init=no
ac_cv_lib_ldapssl30___ldap_init=no
ac_cv_lib_ldapssl40___ldap_init=no
ac_cv_lib_ldapssl41___ldap_init=no
ac_cv_lib_mysqlclient_r_mysql_init=yes
ac_cv_lib_nspr4_PR_Initialize=yes
ac_cv_lib_nss3_PK11_CreatePBEV2AlgorithmID=yes
ac_cv_lib_odbc_SQLAllocHandle=yes
ac_cv_lib_pq_PQsendQueryPrepared=yes
ac_cv_lib_sqlite3_sqlite3_open=yes
ac_cv_lib_ssl_SSL_accept=yes
ac_cv_lib_sybdb_tdsdbopen=yes
ac_cv_mkdir_p=yes
ac_cv_objext=o
ac_cv_path_EGREP='/usr/bin/grep -E'
ac_cv_path_GREP=/usr/bin/grep
ac_cv_path_MYSQL_CONFIG=/usr/bin/mysql_config
ac_cv_path_ODBC_CONFIG=/usr/bin/odbc_config
ac_cv_path_PGSQL_CONFIG=/usr/bin/pg_config
ac_cv_path_ac_pt_PKG_CONFIG=/usr/bin/pkg-config
ac_cv_path_install='/usr/bin/install -c'
ac_cv_prog_CPP='gcc -E'
ac_cv_prog_ac_ct_CC=gcc
ac_cv_prog_cc_c89=
ac_cv_prog_cc_g=yes
ac_cv_search_crypt=-lcrypt
ac_cv_target=x86_64-redhat-linux-gnu
apr_cv_crypt_r_style=struct_crypt_data
apr_cv_hdr_ldap_h=yes
apr_cv_ldap_toolkit=OpenLDAP
apu_cv_aprdso=yes
apu_cv_expat_system=yes

## ----------------- ##
## Output variables. ##
## ----------------- ##

APRUTIL_DOTTED_VERSION='1.5.4'
APRUTIL_EXPORT_LIBS='-lexpat'
APRUTIL_INCLUDES=''
APRUTIL_LDFLAGS=''
APRUTIL_LIBNAME='aprutil-${APRUTIL_MAJOR_VERSION}'
APRUTIL_LIBS='-lexpat /usr/lib64/libapr-1.la -lrt -lcrypt -lpthread -ldl'
APRUTIL_MAJOR_VERSION='1'
APRUTIL_PRIV_INCLUDES='-I/home/mania25/rpmbuild/BUILD/apr-util-1.5.4/include -I/home/mania25/rpmbuild/BUILD/apr-util-1.5.4/include/private -I/usr/include/nss3 -I/usr/include/nspr4 -I/usr/include -I/usr/include/mysql'
APR_BUILD_DIR='/usr/lib64/apr/build-1'
APR_ICONV_DIR=''
APR_INCLUDES=' -I/usr/include/apr-1 '
APR_LIBS=' /usr/lib64/libapr-1.la -lrt -lcrypt  -lpthread -ldl'
APR_XML_DIR=''
APU_CONFIG_LOCATION='source'
APU_DSO_LIBDIR='${libdir}/apr-util-1'
APU_HAVE_MODULES='yes'
APU_LTVERSION='-version-info 5:4:5'
APU_MODULES='  crypto/apr_crypto_openssl.la crypto/apr_crypto_nss.la dbd/apr_dbd_pgsql.la dbd/apr_dbd_mysql.la dbd/apr_dbd_sqlite3.la dbd/apr_dbd_freetds.la dbd/apr_dbd_odbc.la ldap/apr_ldap.la'
CC='gcc'
CFLAGS='-O2 -g -pipe -Wall -Wp,-D_FORTIFY_SOURCE=2 -fexceptions -fstack-protector-strong --param=ssp-buffer-size=4 -grecord-gcc-switches   -m64 -mtune=generic -pthread'
CPP='gcc -E'
CPPFLAGS=' -DLINUX -D_REENTRANT -D_GNU_SOURCE'
DEFS='-DHAVE_CONFIG_H'
ECHO_C=''
ECHO_N='-n'
ECHO_T=''
EGREP='/usr/bin/grep -E'
EXEEXT=''
EXTRA_OBJECTS=''
GREP='/usr/bin/grep'
INCLUDE_OUTPUTS='include /home/mania25/rpmbuild/BUILD/apr-util-1.5.4/build-outputs.mk'
INCLUDE_RULES='include /home/mania25/rpmbuild/BUILD/apr-util-1.5.4/build/rules.mk'
INSTALL_DATA='${INSTALL} -m 644'
INSTALL_PROGRAM='${INSTALL}'
INSTALL_SCRIPT='${INSTALL}'
LDADD_crypto_nss='-lssl3 -lsmime3 -lnss3 -lnssutil3 -lplds4 -lplc4 -lnspr4 -lpthread -ldl   -lnspr4 -lnss3'
LDADD_crypto_openssl=' -lssl -lcrypto'
LDADD_dbd_freetds=' -lsybdb'
LDADD_dbd_mysql='-L/usr/lib64/mysql        -lmysqlclient_r -L/usr/lib64/mysql -lmysqlclient -lpthread -lz -lm -lssl -lcrypto -ldl'
LDADD_dbd_odbc='-L/usr/lib64 -lodbc -L/usr/lib64 -lodbc'
LDADD_dbd_oracle=''
LDADD_dbd_pgsql='-L/usr/lib64 -lpq '
LDADD_dbd_sqlite2=''
LDADD_dbd_sqlite3=' -lsqlite3'
LDADD_dbm_db=''
LDADD_dbm_gdbm=''
LDADD_dbm_ndbm=''
LDADD_ldap='-lldap -llber'
LDFLAGS='-Wl,-z,relro '
LIBOBJS=''
LIBS='-lcrypt '
LTLIBOBJS=''
LT_NO_INSTALL='-no-install'
MYSQL_CONFIG='/usr/bin/mysql_config'
OBJEXT='o'
ODBC_CONFIG='/usr/bin/odbc_config'
PACKAGE_BUGREPORT=''
PACKAGE_NAME=''
PACKAGE_STRING=''
PACKAGE_TARNAME=''
PACKAGE_URL=''
PACKAGE_VERSION=''
PATH_SEPARATOR=':'
PGSQL_CONFIG='/usr/bin/pg_config'
PKG_CONFIG='/usr/bin/pkg-config'
SHELL='/bin/sh'
abs_builddir='/home/mania25/rpmbuild/BUILD/apr-util-1.5.4'
abs_srcdir='/home/mania25/rpmbuild/BUILD/apr-util-1.5.4'
ac_ct_CC='gcc'
apr_shlibpath_var='LD_LIBRARY_PATH'
apu_db_header='db.h'
apu_db_version='0'
apu_dbd_tests=' pgsql mysql sqlite3 freetds odbc'
apu_has_ldap='1'
apu_has_ldap_microsoft='0'
apu_has_ldap_mozilla='0'
apu_has_ldap_netscape='0'
apu_has_ldap_novell='0'
apu_has_ldap_openldap='1'
apu_has_ldap_other='0'
apu_has_ldap_solaris='0'
apu_has_ldap_sslinit='0'
apu_has_ldap_start_tls_s='1'
apu_has_ldap_tivoli='0'
apu_has_ldap_zos='0'
apu_has_ldapssl_add_trusted_cert='0'
apu_has_ldapssl_client_deinit='0'
apu_has_ldapssl_client_init='0'
apu_has_ldapssl_init='0'
apu_has_ldapssl_install_routines='0'
apu_have_crypto='1'
apu_have_db='0'
apu_have_freetds='1'
apu_have_gdbm='0'
apu_have_mysql='1'
apu_have_ndbm='0'
apu_have_nss='1'
apu_have_odbc='1'
apu_have_openssl='1'
apu_have_oracle='0'
apu_have_pgsql='1'
apu_have_sdbm='1'
apu_have_sqlite2='0'
apu_have_sqlite3='1'
apu_use_db='0'
apu_use_gdbm='0'
apu_use_ndbm='0'
apu_use_sdbm='1'
bindir='/usr/bin'
build='x86_64-redhat-linux-gnu'
build_alias='x86_64-redhat-linux-gnu'
build_cpu='x86_64'
build_os='linux-gnu'
build_vendor='redhat'
datadir='/usr/share'
datarootdir='${prefix}/share'
docdir='${datarootdir}/doc/${PACKAGE}'
dvidir='${docdir}'
exec_prefix='/usr'
have_apr_iconv='0'
have_iconv='1'
host='x86_64-redhat-linux-gnu'
host_alias='x86_64-redhat-linux-gnu'
host_cpu='x86_64'
host_os='linux-gnu'
host_vendor='redhat'
htmldir='${docdir}'
includedir='/usr/include/apr-1'
infodir='/usr/share/info'
lber_h='#include <lber.h>'
ldap_h='#include <ldap.h>'
ldap_ssl_h=''
lib_target='-rpath $(libdir) $(OBJECTS)'
libdir='/usr/lib64'
libexecdir='/usr/libexec'
localedir='${datarootdir}/locale'
localstatedir='/var'
mandir='/usr/share/man'
oldincludedir='/usr/include'
pdfdir='${docdir}'
prefix='/usr'
program_transform_name='s,x,x,'
psdir='${docdir}'
sbindir='/usr/sbin'
sharedstatedir='/var/lib'
so_ext='lo'
sysconfdir='/etc'
target='x86_64-redhat-linux-gnu'
target_alias=''
target_cpu='x86_64'
target_os='linux-gnu'
target_vendor='redhat'
top_builddir='/home/mania25/rpmbuild/BUILD/apr-util-1.5.4'

## ----------- ##
## confdefs.h. ##
## ----------- ##

/* confdefs.h */
#define PACKAGE_NAME ""
#define PACKAGE_TARNAME ""
#define PACKAGE_VERSION ""
#define PACKAGE_STRING ""
#define PACKAGE_BUGREPORT ""
#define PACKAGE_URL ""
#define STDC_HEADERS 1
#define HAVE_SYS_TYPES_H 1
#define HAVE_SYS_STAT_H 1
#define HAVE_STDLIB_H 1
#define HAVE_STRING_H 1
#define HAVE_MEMORY_H 1
#define HAVE_STRINGS_H 1
#define HAVE_INTTYPES_H 1
#define HAVE_STDINT_H 1
#define HAVE_UNISTD_H 1
#define HAVE_OPENSSL_X509_H 1
#define CRYPTO_OPENSSL_CONST_BUFFERS 1
#define HAVE_PRERROR_H 1
#define HAVE_NSS_H 1
#define HAVE_PK11PUB_H 1
#define HAVE_LBER_H 1
#define HAVE_LDAP_H 1
#define LDAP_SET_REBIND_PROC_THREE 1
#define HAVE_LIBPQ_FE_H 1
#define HAVE_MYSQL_H 1
#define HAVE_MY_GLOBAL_H 1
#define HAVE_MY_SYS_H 1
#define HAVE_SQLITE3_H 1
#define HAVE_SYBDB_H 1
#define HAVE_SQL_H 1
#define HAVE_EXPAT_H 1
#define HAVE_ICONV_H 1
#define HAVE_LANGINFO_H 1
#define HAVE_NL_LANGINFO 1
#define HAVE_CODESET 1
#define APU_DSO_BUILD 1
#define HAVE_CRYPT_R 1
#define CRYPT_R_STRUCT_CRYPT_DATA 1
#define APU_DSO_LIBDIR "/usr/lib64/apr-util-1"

configure: exit 0
